<?xml version="1.0" encoding="UTF-8"?>
<testng-results skipped="0" failed="0" ignored="1" total="2" passed="1">
  <reporter-output>
  </reporter-output>
  <suite name="Default suite" duration-ms="55449" started-at="2020-03-03T17:02:27Z" finished-at="2020-03-03T17:03:22Z">
    <groups>
    </groups>
    <test name="Default test" duration-ms="55449" started-at="2020-03-03T17:02:27Z" finished-at="2020-03-03T17:03:22Z">
      <class name="com.training.uniform.tests.UniformTests">
        <test-method status="PASS" signature="setUpBeforeClass()[pri:0, instance:com.training.uniform.tests.UniformTests@457e2f02]" name="setUpBeforeClass" is-config="true" duration-ms="11" started-at="2020-03-03T22:32:27Z" finished-at="2020-03-03T22:32:27Z">
          <reporter-output>
          </reporter-output>
        </test-method> <!-- setUpBeforeClass -->
        <test-method status="PASS" signature="setUp()[pri:0, instance:com.training.uniform.tests.UniformTests@457e2f02]" name="setUp" is-config="true" duration-ms="14747" started-at="2020-03-03T22:32:27Z" finished-at="2020-03-03T22:32:42Z">
          <reporter-output>
          </reporter-output>
        </test-method> <!-- setUp -->
        <test-method status="PASS" signature="openReports_Sales_Orders()[pri:0, instance:com.training.uniform.tests.UniformTests@457e2f02]" name="openReports_Sales_Orders" duration-ms="39664" started-at="2020-03-03T22:32:42Z" finished-at="2020-03-03T22:33:21Z">
          <reporter-output>
          </reporter-output>
        </test-method> <!-- openReports_Sales_Orders -->
        <test-method status="PASS" signature="tearDown()[pri:0, instance:com.training.uniform.tests.UniformTests@457e2f02]" name="tearDown" is-config="true" duration-ms="1001" started-at="2020-03-03T22:33:21Z" finished-at="2020-03-03T22:33:22Z">
          <reporter-output>
          </reporter-output>
        </test-method> <!-- tearDown -->
      </class> <!-- com.training.uniform.tests.UniformTests -->
    </test> <!-- Default test -->
  </suite> <!-- Default suite -->
</testng-results>
