<?xml version="1.0" encoding="UTF-8"?>
<testng-results skipped="0" failed="0" ignored="3" total="4" passed="1">
  <reporter-output>
  </reporter-output>
  <suite name="Default suite" duration-ms="28135" started-at="2020-03-13T16:31:41Z" finished-at="2020-03-13T16:32:09Z">
    <groups>
    </groups>
    <test name="Default test" duration-ms="28135" started-at="2020-03-13T16:31:41Z" finished-at="2020-03-13T16:32:09Z">
      <class name="com.training.uniform.tests.UniformTests_Complex">
        <test-method status="PASS" signature="setUpBeforeClass()[pri:0, instance:com.training.uniform.tests.UniformTests_Complex@6767c1fc]" name="setUpBeforeClass" is-config="true" duration-ms="6" started-at="2020-03-13T22:01:41Z" finished-at="2020-03-13T22:01:41Z">
          <reporter-output>
          </reporter-output>
        </test-method> <!-- setUpBeforeClass -->
        <test-method status="PASS" signature="setUp()[pri:0, instance:com.training.uniform.tests.UniformTests_Complex@6767c1fc]" name="setUp" is-config="true" duration-ms="12434" started-at="2020-03-13T22:01:41Z" finished-at="2020-03-13T22:01:54Z">
          <reporter-output>
          </reporter-output>
        </test-method> <!-- setUp -->
        <test-method status="PASS" signature="changeOrder_Admin()[pri:0, instance:com.training.uniform.tests.UniformTests_Complex@6767c1fc]" name="changeOrder_Admin" duration-ms="14678" started-at="2020-03-13T22:01:54Z" finished-at="2020-03-13T22:02:08Z">
          <reporter-output>
          </reporter-output>
        </test-method> <!-- changeOrder_Admin -->
        <test-method status="PASS" signature="tearDown()[pri:0, instance:com.training.uniform.tests.UniformTests_Complex@6767c1fc]" name="tearDown" is-config="true" duration-ms="1001" started-at="2020-03-13T22:02:08Z" finished-at="2020-03-13T22:02:09Z">
          <reporter-output>
          </reporter-output>
        </test-method> <!-- tearDown -->
      </class> <!-- com.training.uniform.tests.UniformTests_Complex -->
    </test> <!-- Default test -->
  </suite> <!-- Default suite -->
</testng-results>
