<?xml version="1.0" encoding="UTF-8"?>
<!-- Generated by org.testng.reporters.JUnitXMLReporter -->
<testsuite hostname="DESKTOP-D6VO719" ignored="1" name="Default test" tests="1" failures="0" timestamp="08 Mar 2020 07:41:38 GMT" time="21.629" errors="0">
  <testcase name="viewOrderDetails" time="5.979" classname="com.training.uniform.tests.UniformTests_Medium"/>
  <testcase name="validLoginTest" time="0.0" classname="com.training.uniform.tests.UniformTests_Medium">
    <ignored/>
  </testcase> <!-- validLoginTest -->
</testsuite> <!-- Default test -->
