<?xml version="1.0" encoding="UTF-8"?>
<!-- Generated by org.testng.reporters.JUnitXMLReporter -->
<testsuite hostname="DESKTOP-D6VO719" ignored="1" name="Default test" tests="1" failures="0" timestamp="03 Mar 2020 17:03:22 GMT" time="55.449" errors="0">
  <testcase name="openReports_Sales_Orders" time="39.664" classname="com.training.uniform.tests.UniformTests"/>
  <testcase name="validLoginTest" time="0.0" classname="com.training.uniform.tests.UniformTests">
    <ignored/>
  </testcase> <!-- validLoginTest -->
</testsuite> <!-- Default test -->
